Reading number of colors
Reading graph
Num colors: 6
========== Time expired ==========
# Conflicts: 652
Best found solution: 
------------------------------------------------
Num nodes: 96
node: 0 weight: 0 visited: 0 marked 0
node: 1 weight: 0 visited: 0 marked 0
node: 2 weight: 0 visited: 0 marked 0
node: 3 weight: 0 visited: 0 marked 0
node: 4 weight: 0 visited: 0 marked 0
node: 5 weight: 0 visited: 0 marked 0
node: 6 weight: 0 visited: 0 marked 0
node: 7 weight: 0 visited: 0 marked 0
node: 8 weight: 0 visited: 0 marked 0
node: 9 weight: 0 visited: 0 marked 0
node: 10 weight: 0 visited: 0 marked 0
node: 11 weight: 0 visited: 0 marked 0
node: 12 weight: 0 visited: 0 marked 0
node: 13 weight: 0 visited: 0 marked 0
node: 14 weight: 0 visited: 0 marked 0
node: 15 weight: 0 visited: 0 marked 0
node: 16 weight: 0 visited: 0 marked 0
node: 17 weight: 0 visited: 0 marked 0
node: 18 weight: 0 visited: 0 marked 0
node: 19 weight: 0 visited: 0 marked 0
node: 20 weight: 0 visited: 0 marked 0
node: 21 weight: 0 visited: 0 marked 0
node: 22 weight: 0 visited: 0 marked 0
node: 23 weight: 0 visited: 0 marked 0
node: 24 weight: 0 visited: 0 marked 0
node: 25 weight: 0 visited: 0 marked 0
node: 26 weight: 0 visited: 0 marked 0
node: 27 weight: 0 visited: 0 marked 0
node: 28 weight: 0 visited: 0 marked 0
node: 29 weight: 0 visited: 0 marked 0
node: 30 weight: 0 visited: 0 marked 0
node: 31 weight: 0 visited: 0 marked 0
node: 32 weight: 0 visited: 0 marked 0
node: 33 weight: 0 visited: 0 marked 0
node: 34 weight: 0 visited: 0 marked 0
node: 35 weight: 0 visited: 0 marked 0
node: 36 weight: 0 visited: 0 marked 0
node: 37 weight: 0 visited: 0 marked 0
node: 38 weight: 0 visited: 0 marked 0
node: 39 weight: 0 visited: 0 marked 0
node: 40 weight: 0 visited: 0 marked 0
node: 41 weight: 0 visited: 0 marked 0
node: 42 weight: 0 visited: 0 marked 0
node: 43 weight: 0 visited: 0 marked 0
node: 44 weight: 0 visited: 0 marked 0
node: 45 weight: 0 visited: 0 marked 0
node: 46 weight: 0 visited: 0 marked 0
node: 47 weight: 0 visited: 0 marked 0
node: 48 weight: 0 visited: 0 marked 0
node: 49 weight: 0 visited: 0 marked 0
node: 50 weight: 0 visited: 0 marked 0
node: 51 weight: 0 visited: 0 marked 0
node: 52 weight: 0 visited: 0 marked 0
node: 53 weight: 0 visited: 0 marked 0
node: 54 weight: 0 visited: 0 marked 0
node: 55 weight: 0 visited: 0 marked 0
node: 56 weight: 0 visited: 0 marked 0
node: 57 weight: 0 visited: 0 marked 0
node: 58 weight: 0 visited: 0 marked 0
node: 59 weight: 0 visited: 0 marked 0
node: 60 weight: 0 visited: 0 marked 0
node: 61 weight: 0 visited: 0 marked 0
node: 62 weight: 0 visited: 0 marked 0
node: 63 weight: 0 visited: 0 marked 0
node: 64 weight: 0 visited: 0 marked 0
node: 65 weight: 0 visited: 0 marked 0
node: 66 weight: 0 visited: 0 marked 0
node: 67 weight: 0 visited: 0 marked 0
node: 68 weight: 0 visited: 0 marked 0
node: 69 weight: 0 visited: 0 marked 0
node: 70 weight: 0 visited: 0 marked 0
node: 71 weight: 0 visited: 0 marked 0
node: 72 weight: 0 visited: 0 marked 0
node: 73 weight: 0 visited: 0 marked 0
node: 74 weight: 0 visited: 0 marked 0
node: 75 weight: 0 visited: 0 marked 0
node: 76 weight: 0 visited: 0 marked 0
node: 77 weight: 0 visited: 0 marked 0
node: 78 weight: 0 visited: 0 marked 0
node: 79 weight: 0 visited: 0 marked 0
node: 80 weight: 0 visited: 0 marked 0
node: 81 weight: 0 visited: 0 marked 0
node: 82 weight: 0 visited: 0 marked 0
node: 83 weight: 0 visited: 0 marked 0
node: 84 weight: 0 visited: 0 marked 0
node: 85 weight: 0 visited: 0 marked 0
node: 86 weight: 0 visited: 0 marked 0
node: 87 weight: 0 visited: 0 marked 0
node: 88 weight: 0 visited: 0 marked 0
node: 89 weight: 1 visited: 0 marked 0
node: 90 weight: 1 visited: 0 marked 0
node: 91 weight: 1 visited: 0 marked 0
node: 92 weight: 1 visited: 0 marked 0
node: 93 weight: 1 visited: 0 marked 0
node: 94 weight: 1 visited: 0 marked 0
node: 95 weight: 5 visited: 0 marked 0

Num edges: 0
edge (0,1):  weight: 0 visited: 0 marked 0
edge (1,2):  weight: 0 visited: 0 marked 0
edge (1,4):  weight: 0 visited: 0 marked 0
edge (1,7):  weight: 0 visited: 0 marked 0
edge (1,9):  weight: 0 visited: 0 marked 0
edge (1,13):  weight: 0 visited: 0 marked 0
edge (1,15):  weight: 0 visited: 0 marked 0
edge (1,18):  weight: 0 visited: 0 marked 0
edge (1,20):  weight: 0 visited: 0 marked 0
edge (1,25):  weight: 0 visited: 0 marked 0
edge (1,27):  weight: 0 visited: 0 marked 0
edge (1,30):  weight: 0 visited: 0 marked 0
edge (1,32):  weight: 0 visited: 0 marked 0
edge (1,36):  weight: 0 visited: 0 marked 0
edge (1,38):  weight: 0 visited: 0 marked 0
edge (1,41):  weight: 0 visited: 0 marked 0
edge (1,43):  weight: 0 visited: 0 marked 0
edge (1,49):  weight: 0 visited: 0 marked 0
edge (1,51):  weight: 0 visited: 0 marked 0
edge (1,54):  weight: 0 visited: 0 marked 0
edge (1,56):  weight: 0 visited: 0 marked 0
edge (1,60):  weight: 0 visited: 0 marked 0
edge (1,62):  weight: 0 visited: 0 marked 0
edge (1,65):  weight: 0 visited: 0 marked 0
edge (1,67):  weight: 0 visited: 0 marked 0
edge (1,72):  weight: 0 visited: 0 marked 0
edge (1,74):  weight: 0 visited: 0 marked 0
edge (1,77):  weight: 0 visited: 0 marked 0
edge (1,79):  weight: 0 visited: 0 marked 0
edge (1,83):  weight: 0 visited: 0 marked 0
edge (1,85):  weight: 0 visited: 0 marked 0
edge (1,88):  weight: 0 visited: 0 marked 0
edge (1,90):  weight: 0 visited: 0 marked 0
edge (2,3):  weight: 0 visited: 0 marked 0
edge (2,6):  weight: 0 visited: 0 marked 0
edge (2,8):  weight: 0 visited: 0 marked 0
edge (2,12):  weight: 0 visited: 0 marked 0
edge (2,14):  weight: 0 visited: 0 marked 0
edge (2,17):  weight: 0 visited: 0 marked 0
edge (2,19):  weight: 0 visited: 0 marked 0
edge (2,24):  weight: 0 visited: 0 marked 0
edge (2,26):  weight: 0 visited: 0 marked 0
edge (2,29):  weight: 0 visited: 0 marked 0
edge (2,31):  weight: 0 visited: 0 marked 0
edge (2,35):  weight: 0 visited: 0 marked 0
edge (2,37):  weight: 0 visited: 0 marked 0
edge (2,40):  weight: 0 visited: 0 marked 0
edge (2,42):  weight: 0 visited: 0 marked 0
edge (2,48):  weight: 0 visited: 0 marked 0
edge (2,50):  weight: 0 visited: 0 marked 0
edge (2,53):  weight: 0 visited: 0 marked 0
edge (2,55):  weight: 0 visited: 0 marked 0
edge (2,59):  weight: 0 visited: 0 marked 0
edge (2,61):  weight: 0 visited: 0 marked 0
edge (2,64):  weight: 0 visited: 0 marked 0
edge (2,66):  weight: 0 visited: 0 marked 0
edge (2,71):  weight: 0 visited: 0 marked 0
edge (2,73):  weight: 0 visited: 0 marked 0
edge (2,76):  weight: 0 visited: 0 marked 0
edge (2,78):  weight: 0 visited: 0 marked 0
edge (2,82):  weight: 0 visited: 0 marked 0
edge (2,84):  weight: 0 visited: 0 marked 0
edge (2,87):  weight: 0 visited: 0 marked 0
edge (2,89):  weight: 0 visited: 0 marked 0
edge (3,5):  weight: 0 visited: 0 marked 0
edge (3,7):  weight: 0 visited: 0 marked 0
edge (3,10):  weight: 0 visited: 0 marked 0
edge (3,13):  weight: 0 visited: 0 marked 0
edge (3,16):  weight: 0 visited: 0 marked 0
edge (3,18):  weight: 0 visited: 0 marked 0
edge (3,21):  weight: 0 visited: 0 marked 0
edge (3,25):  weight: 0 visited: 0 marked 0
edge (3,28):  weight: 0 visited: 0 marked 0
edge (3,30):  weight: 0 visited: 0 marked 0
edge (3,33):  weight: 0 visited: 0 marked 0
edge (3,36):  weight: 0 visited: 0 marked 0
edge (3,39):  weight: 0 visited: 0 marked 0
edge (3,41):  weight: 0 visited: 0 marked 0
edge (3,44):  weight: 0 visited: 0 marked 0
edge (3,49):  weight: 0 visited: 0 marked 0
edge (3,52):  weight: 0 visited: 0 marked 0
edge (3,54):  weight: 0 visited: 0 marked 0
edge (3,57):  weight: 0 visited: 0 marked 0
edge (3,60):  weight: 0 visited: 0 marked 0
edge (3,63):  weight: 0 visited: 0 marked 0
edge (3,65):  weight: 0 visited: 0 marked 0
edge (3,68):  weight: 0 visited: 0 marked 0
edge (3,72):  weight: 0 visited: 0 marked 0
edge (3,75):  weight: 0 visited: 0 marked 0
edge (3,77):  weight: 0 visited: 0 marked 0
edge (3,80):  weight: 0 visited: 0 marked 0
edge (3,83):  weight: 0 visited: 0 marked 0
edge (3,86):  weight: 0 visited: 0 marked 0
edge (3,88):  weight: 0 visited: 0 marked 0
edge (3,91):  weight: 0 visited: 0 marked 0
edge (4,5):  weight: 0 visited: 0 marked 0
edge (4,6):  weight: 0 visited: 0 marked 0
edge (4,10):  weight: 0 visited: 0 marked 0
edge (4,12):  weight: 0 visited: 0 marked 0
edge (4,16):  weight: 0 visited: 0 marked 0
edge (4,17):  weight: 0 visited: 0 marked 0
edge (4,21):  weight: 0 visited: 0 marked 0
edge (4,24):  weight: 0 visited: 0 marked 0
edge (4,28):  weight: 0 visited: 0 marked 0
edge (4,29):  weight: 0 visited: 0 marked 0
edge (4,33):  weight: 0 visited: 0 marked 0
edge (4,35):  weight: 0 visited: 0 marked 0
edge (4,39):  weight: 0 visited: 0 marked 0
edge (4,40):  weight: 0 visited: 0 marked 0
edge (4,44):  weight: 0 visited: 0 marked 0
edge (4,48):  weight: 0 visited: 0 marked 0
edge (4,52):  weight: 0 visited: 0 marked 0
edge (4,53):  weight: 0 visited: 0 marked 0
edge (4,57):  weight: 0 visited: 0 marked 0
edge (4,59):  weight: 0 visited: 0 marked 0
edge (4,63):  weight: 0 visited: 0 marked 0
edge (4,64):  weight: 0 visited: 0 marked 0
edge (4,68):  weight: 0 visited: 0 marked 0
edge (4,71):  weight: 0 visited: 0 marked 0
edge (4,75):  weight: 0 visited: 0 marked 0
edge (4,76):  weight: 0 visited: 0 marked 0
edge (4,80):  weight: 0 visited: 0 marked 0
edge (4,82):  weight: 0 visited: 0 marked 0
edge (4,86):  weight: 0 visited: 0 marked 0
edge (4,87):  weight: 0 visited: 0 marked 0
edge (4,91):  weight: 0 visited: 0 marked 0
edge (5,8):  weight: 0 visited: 0 marked 0
edge (5,9):  weight: 0 visited: 0 marked 0
edge (5,14):  weight: 0 visited: 0 marked 0
edge (5,15):  weight: 0 visited: 0 marked 0
edge (5,19):  weight: 0 visited: 0 marked 0
edge (5,20):  weight: 0 visited: 0 marked 0
edge (5,26):  weight: 0 visited: 0 marked 0
edge (5,27):  weight: 0 visited: 0 marked 0
edge (5,31):  weight: 0 visited: 0 marked 0
edge (5,32):  weight: 0 visited: 0 marked 0
edge (5,37):  weight: 0 visited: 0 marked 0
edge (5,38):  weight: 0 visited: 0 marked 0
edge (5,42):  weight: 0 visited: 0 marked 0
edge (5,43):  weight: 0 visited: 0 marked 0
edge (5,50):  weight: 0 visited: 0 marked 0
edge (5,51):  weight: 0 visited: 0 marked 0
edge (5,55):  weight: 0 visited: 0 marked 0
edge (5,56):  weight: 0 visited: 0 marked 0
edge (5,61):  weight: 0 visited: 0 marked 0
edge (5,62):  weight: 0 visited: 0 marked 0
edge (5,66):  weight: 0 visited: 0 marked 0
edge (5,67):  weight: 0 visited: 0 marked 0
edge (5,73):  weight: 0 visited: 0 marked 0
edge (5,74):  weight: 0 visited: 0 marked 0
edge (5,78):  weight: 0 visited: 0 marked 0
edge (5,79):  weight: 0 visited: 0 marked 0
edge (5,84):  weight: 0 visited: 0 marked 0
edge (5,85):  weight: 0 visited: 0 marked 0
edge (5,89):  weight: 0 visited: 0 marked 0
edge (5,90):  weight: 0 visited: 0 marked 0
edge (6,11):  weight: 0 visited: 0 marked 0
edge (6,13):  weight: 0 visited: 0 marked 0
edge (6,15):  weight: 0 visited: 0 marked 0
edge (6,22):  weight: 0 visited: 0 marked 0
edge (6,25):  weight: 0 visited: 0 marked 0
edge (6,27):  weight: 0 visited: 0 marked 0
edge (6,34):  weight: 0 visited: 0 marked 0
edge (6,36):  weight: 0 visited: 0 marked 0
edge (6,38):  weight: 0 visited: 0 marked 0
edge (6,45):  weight: 0 visited: 0 marked 0
edge (6,49):  weight: 0 visited: 0 marked 0
edge (6,51):  weight: 0 visited: 0 marked 0
edge (6,58):  weight: 0 visited: 0 marked 0
edge (6,60):  weight: 0 visited: 0 marked 0
edge (6,62):  weight: 0 visited: 0 marked 0
edge (6,69):  weight: 0 visited: 0 marked 0
edge (6,72):  weight: 0 visited: 0 marked 0
edge (6,74):  weight: 0 visited: 0 marked 0
edge (6,81):  weight: 0 visited: 0 marked 0
edge (6,83):  weight: 0 visited: 0 marked 0
edge (6,85):  weight: 0 visited: 0 marked 0
edge (6,92):  weight: 0 visited: 0 marked 0
edge (7,11):  weight: 0 visited: 0 marked 0
edge (7,12):  weight: 0 visited: 0 marked 0
edge (7,14):  weight: 0 visited: 0 marked 0
edge (7,22):  weight: 0 visited: 0 marked 0
edge (7,24):  weight: 0 visited: 0 marked 0
edge (7,26):  weight: 0 visited: 0 marked 0
edge (7,34):  weight: 0 visited: 0 marked 0
edge (7,35):  weight: 0 visited: 0 marked 0
edge (7,37):  weight: 0 visited: 0 marked 0
edge (7,45):  weight: 0 visited: 0 marked 0
edge (7,48):  weight: 0 visited: 0 marked 0
edge (7,50):  weight: 0 visited: 0 marked 0
edge (7,58):  weight: 0 visited: 0 marked 0
edge (7,59):  weight: 0 visited: 0 marked 0
edge (7,61):  weight: 0 visited: 0 marked 0
edge (7,69):  weight: 0 visited: 0 marked 0
edge (7,71):  weight: 0 visited: 0 marked 0
edge (7,73):  weight: 0 visited: 0 marked 0
edge (7,81):  weight: 0 visited: 0 marked 0
edge (7,82):  weight: 0 visited: 0 marked 0
edge (7,84):  weight: 0 visited: 0 marked 0
edge (7,92):  weight: 0 visited: 0 marked 0
edge (8,11):  weight: 0 visited: 0 marked 0
edge (8,13):  weight: 0 visited: 0 marked 0
edge (8,16):  weight: 0 visited: 0 marked 0
edge (8,22):  weight: 0 visited: 0 marked 0
edge (8,25):  weight: 0 visited: 0 marked 0
edge (8,28):  weight: 0 visited: 0 marked 0
edge (8,34):  weight: 0 visited: 0 marked 0
edge (8,36):  weight: 0 visited: 0 marked 0
edge (8,39):  weight: 0 visited: 0 marked 0
edge (8,45):  weight: 0 visited: 0 marked 0
edge (8,49):  weight: 0 visited: 0 marked 0
edge (8,52):  weight: 0 visited: 0 marked 0
edge (8,58):  weight: 0 visited: 0 marked 0
edge (8,60):  weight: 0 visited: 0 marked 0
edge (8,63):  weight: 0 visited: 0 marked 0
edge (8,69):  weight: 0 visited: 0 marked 0
edge (8,72):  weight: 0 visited: 0 marked 0
edge (8,75):  weight: 0 visited: 0 marked 0
edge (8,81):  weight: 0 visited: 0 marked 0
edge (8,83):  weight: 0 visited: 0 marked 0
edge (8,86):  weight: 0 visited: 0 marked 0
edge (8,92):  weight: 0 visited: 0 marked 0
edge (9,11):  weight: 0 visited: 0 marked 0
edge (9,12):  weight: 0 visited: 0 marked 0
edge (9,16):  weight: 0 visited: 0 marked 0
edge (9,22):  weight: 0 visited: 0 marked 0
edge (9,24):  weight: 0 visited: 0 marked 0
edge (9,28):  weight: 0 visited: 0 marked 0
edge (9,34):  weight: 0 visited: 0 marked 0
edge (9,35):  weight: 0 visited: 0 marked 0
edge (9,39):  weight: 0 visited: 0 marked 0
edge (9,45):  weight: 0 visited: 0 marked 0
edge (9,48):  weight: 0 visited: 0 marked 0
edge (9,52):  weight: 0 visited: 0 marked 0
edge (9,58):  weight: 0 visited: 0 marked 0
edge (9,59):  weight: 0 visited: 0 marked 0
edge (9,63):  weight: 0 visited: 0 marked 0
edge (9,69):  weight: 0 visited: 0 marked 0
edge (9,71):  weight: 0 visited: 0 marked 0
edge (9,75):  weight: 0 visited: 0 marked 0
edge (9,81):  weight: 0 visited: 0 marked 0
edge (9,82):  weight: 0 visited: 0 marked 0
edge (9,86):  weight: 0 visited: 0 marked 0
edge (9,92):  weight: 0 visited: 0 marked 0
edge (10,11):  weight: 0 visited: 0 marked 0
edge (10,14):  weight: 0 visited: 0 marked 0
edge (10,15):  weight: 0 visited: 0 marked 0
edge (10,22):  weight: 0 visited: 0 marked 0
edge (10,26):  weight: 0 visited: 0 marked 0
edge (10,27):  weight: 0 visited: 0 marked 0
edge (10,34):  weight: 0 visited: 0 marked 0
edge (10,37):  weight: 0 visited: 0 marked 0
edge (10,38):  weight: 0 visited: 0 marked 0
edge (10,45):  weight: 0 visited: 0 marked 0
edge (10,50):  weight: 0 visited: 0 marked 0
edge (10,51):  weight: 0 visited: 0 marked 0
edge (10,58):  weight: 0 visited: 0 marked 0
edge (10,61):  weight: 0 visited: 0 marked 0
edge (10,62):  weight: 0 visited: 0 marked 0
edge (10,69):  weight: 0 visited: 0 marked 0
edge (10,73):  weight: 0 visited: 0 marked 0
edge (10,74):  weight: 0 visited: 0 marked 0
edge (10,81):  weight: 0 visited: 0 marked 0
edge (10,84):  weight: 0 visited: 0 marked 0
edge (10,85):  weight: 0 visited: 0 marked 0
edge (10,92):  weight: 0 visited: 0 marked 0
edge (11,17):  weight: 0 visited: 0 marked 0
edge (11,18):  weight: 0 visited: 0 marked 0
edge (11,19):  weight: 0 visited: 0 marked 0
edge (11,20):  weight: 0 visited: 0 marked 0
edge (11,21):  weight: 0 visited: 0 marked 0
edge (11,29):  weight: 0 visited: 0 marked 0
edge (11,30):  weight: 0 visited: 0 marked 0
edge (11,31):  weight: 0 visited: 0 marked 0
edge (11,32):  weight: 0 visited: 0 marked 0
edge (11,33):  weight: 0 visited: 0 marked 0
edge (11,40):  weight: 0 visited: 0 marked 0
edge (11,41):  weight: 0 visited: 0 marked 0
edge (11,42):  weight: 0 visited: 0 marked 0
edge (11,43):  weight: 0 visited: 0 marked 0
edge (11,44):  weight: 0 visited: 0 marked 0
edge (11,53):  weight: 0 visited: 0 marked 0
edge (11,54):  weight: 0 visited: 0 marked 0
edge (11,55):  weight: 0 visited: 0 marked 0
edge (11,56):  weight: 0 visited: 0 marked 0
edge (11,57):  weight: 0 visited: 0 marked 0
edge (11,64):  weight: 0 visited: 0 marked 0
edge (11,65):  weight: 0 visited: 0 marked 0
edge (11,66):  weight: 0 visited: 0 marked 0
edge (11,67):  weight: 0 visited: 0 marked 0
edge (11,68):  weight: 0 visited: 0 marked 0
edge (11,76):  weight: 0 visited: 0 marked 0
edge (11,77):  weight: 0 visited: 0 marked 0
edge (11,78):  weight: 0 visited: 0 marked 0
edge (11,79):  weight: 0 visited: 0 marked 0
edge (11,80):  weight: 0 visited: 0 marked 0
edge (11,87):  weight: 0 visited: 0 marked 0
edge (11,88):  weight: 0 visited: 0 marked 0
edge (11,89):  weight: 0 visited: 0 marked 0
edge (11,90):  weight: 0 visited: 0 marked 0
edge (11,91):  weight: 0 visited: 0 marked 0
edge (12,23):  weight: 0 visited: 0 marked 0
edge (12,25):  weight: 0 visited: 0 marked 0
edge (12,27):  weight: 0 visited: 0 marked 0
edge (12,30):  weight: 0 visited: 0 marked 0
edge (12,32):  weight: 0 visited: 0 marked 0
edge (12,46):  weight: 0 visited: 0 marked 0
edge (12,49):  weight: 0 visited: 0 marked 0
edge (12,51):  weight: 0 visited: 0 marked 0
edge (12,54):  weight: 0 visited: 0 marked 0
edge (12,56):  weight: 0 visited: 0 marked 0
edge (12,70):  weight: 0 visited: 0 marked 0
edge (12,72):  weight: 0 visited: 0 marked 0
edge (12,74):  weight: 0 visited: 0 marked 0
edge (12,77):  weight: 0 visited: 0 marked 0
edge (12,79):  weight: 0 visited: 0 marked 0
edge (12,93):  weight: 0 visited: 0 marked 0
edge (13,23):  weight: 0 visited: 0 marked 0
edge (13,24):  weight: 0 visited: 0 marked 0
edge (13,26):  weight: 0 visited: 0 marked 0
edge (13,29):  weight: 0 visited: 0 marked 0
edge (13,31):  weight: 0 visited: 0 marked 0
edge (13,46):  weight: 0 visited: 0 marked 0
edge (13,48):  weight: 0 visited: 0 marked 0
edge (13,50):  weight: 0 visited: 0 marked 0
edge (13,53):  weight: 0 visited: 0 marked 0
edge (13,55):  weight: 0 visited: 0 marked 0
edge (13,70):  weight: 0 visited: 0 marked 0
edge (13,71):  weight: 0 visited: 0 marked 0
edge (13,73):  weight: 0 visited: 0 marked 0
edge (13,76):  weight: 0 visited: 0 marked 0
edge (13,78):  weight: 0 visited: 0 marked 0
edge (13,93):  weight: 0 visited: 0 marked 0
edge (14,23):  weight: 0 visited: 0 marked 0
edge (14,25):  weight: 0 visited: 0 marked 0
edge (14,28):  weight: 0 visited: 0 marked 0
edge (14,30):  weight: 0 visited: 0 marked 0
edge (14,33):  weight: 0 visited: 0 marked 0
edge (14,46):  weight: 0 visited: 0 marked 0
edge (14,49):  weight: 0 visited: 0 marked 0
edge (14,52):  weight: 0 visited: 0 marked 0
edge (14,54):  weight: 0 visited: 0 marked 0
edge (14,57):  weight: 0 visited: 0 marked 0
edge (14,70):  weight: 0 visited: 0 marked 0
edge (14,72):  weight: 0 visited: 0 marked 0
edge (14,75):  weight: 0 visited: 0 marked 0
edge (14,77):  weight: 0 visited: 0 marked 0
edge (14,80):  weight: 0 visited: 0 marked 0
edge (14,93):  weight: 0 visited: 0 marked 0
edge (15,23):  weight: 0 visited: 0 marked 0
edge (15,24):  weight: 0 visited: 0 marked 0
edge (15,28):  weight: 0 visited: 0 marked 0
edge (15,29):  weight: 0 visited: 0 marked 0
edge (15,33):  weight: 0 visited: 0 marked 0
edge (15,46):  weight: 0 visited: 0 marked 0
edge (15,48):  weight: 0 visited: 0 marked 0
edge (15,52):  weight: 0 visited: 0 marked 0
edge (15,53):  weight: 0 visited: 0 marked 0
edge (15,57):  weight: 0 visited: 0 marked 0
edge (15,70):  weight: 0 visited: 0 marked 0
edge (15,71):  weight: 0 visited: 0 marked 0
edge (15,75):  weight: 0 visited: 0 marked 0
edge (15,76):  weight: 0 visited: 0 marked 0
edge (15,80):  weight: 0 visited: 0 marked 0
edge (15,93):  weight: 0 visited: 0 marked 0
edge (16,23):  weight: 0 visited: 0 marked 0
edge (16,26):  weight: 0 visited: 0 marked 0
edge (16,27):  weight: 0 visited: 0 marked 0
edge (16,31):  weight: 0 visited: 0 marked 0
edge (16,32):  weight: 0 visited: 0 marked 0
edge (16,46):  weight: 0 visited: 0 marked 0
edge (16,50):  weight: 0 visited: 0 marked 0
edge (16,51):  weight: 0 visited: 0 marked 0
edge (16,55):  weight: 0 visited: 0 marked 0
edge (16,56):  weight: 0 visited: 0 marked 0
edge (16,70):  weight: 0 visited: 0 marked 0
edge (16,73):  weight: 0 visited: 0 marked 0
edge (16,74):  weight: 0 visited: 0 marked 0
edge (16,78):  weight: 0 visited: 0 marked 0
edge (16,79):  weight: 0 visited: 0 marked 0
edge (16,93):  weight: 0 visited: 0 marked 0
edge (17,23):  weight: 0 visited: 0 marked 0
edge (17,25):  weight: 0 visited: 0 marked 0
edge (17,27):  weight: 0 visited: 0 marked 0
edge (17,34):  weight: 0 visited: 0 marked 0
edge (17,46):  weight: 0 visited: 0 marked 0
edge (17,49):  weight: 0 visited: 0 marked 0
edge (17,51):  weight: 0 visited: 0 marked 0
edge (17,58):  weight: 0 visited: 0 marked 0
edge (17,70):  weight: 0 visited: 0 marked 0
edge (17,72):  weight: 0 visited: 0 marked 0
edge (17,74):  weight: 0 visited: 0 marked 0
edge (17,81):  weight: 0 visited: 0 marked 0
edge (17,93):  weight: 0 visited: 0 marked 0
edge (18,23):  weight: 0 visited: 0 marked 0
edge (18,24):  weight: 0 visited: 0 marked 0
edge (18,26):  weight: 0 visited: 0 marked 0
edge (18,34):  weight: 0 visited: 0 marked 0
edge (18,46):  weight: 0 visited: 0 marked 0
edge (18,48):  weight: 0 visited: 0 marked 0
edge (18,50):  weight: 0 visited: 0 marked 0
edge (18,58):  weight: 0 visited: 0 marked 0
edge (18,70):  weight: 0 visited: 0 marked 0
edge (18,71):  weight: 0 visited: 0 marked 0
edge (18,73):  weight: 0 visited: 0 marked 0
edge (18,81):  weight: 0 visited: 0 marked 0
edge (18,93):  weight: 0 visited: 0 marked 0
edge (19,23):  weight: 0 visited: 0 marked 0
edge (19,25):  weight: 0 visited: 0 marked 0
edge (19,28):  weight: 0 visited: 0 marked 0
edge (19,34):  weight: 0 visited: 0 marked 0
edge (19,46):  weight: 0 visited: 0 marked 0
edge (19,49):  weight: 0 visited: 0 marked 0
edge (19,52):  weight: 0 visited: 0 marked 0
edge (19,58):  weight: 0 visited: 0 marked 0
edge (19,70):  weight: 0 visited: 0 marked 0
edge (19,72):  weight: 0 visited: 0 marked 0
edge (19,75):  weight: 0 visited: 0 marked 0
edge (19,81):  weight: 0 visited: 0 marked 0
edge (19,93):  weight: 0 visited: 0 marked 0
edge (20,23):  weight: 0 visited: 0 marked 0
edge (20,24):  weight: 0 visited: 0 marked 0
edge (20,28):  weight: 0 visited: 0 marked 0
edge (20,34):  weight: 0 visited: 0 marked 0
edge (20,46):  weight: 0 visited: 0 marked 0
edge (20,48):  weight: 0 visited: 0 marked 0
edge (20,52):  weight: 0 visited: 0 marked 0
edge (20,58):  weight: 0 visited: 0 marked 0
edge (20,70):  weight: 0 visited: 0 marked 0
edge (20,71):  weight: 0 visited: 0 marked 0
edge (20,75):  weight: 0 visited: 0 marked 0
edge (20,81):  weight: 0 visited: 0 marked 0
edge (20,93):  weight: 0 visited: 0 marked 0
edge (21,23):  weight: 0 visited: 0 marked 0
edge (21,26):  weight: 0 visited: 0 marked 0
edge (21,27):  weight: 0 visited: 0 marked 0
edge (21,34):  weight: 0 visited: 0 marked 0
edge (21,46):  weight: 0 visited: 0 marked 0
edge (21,50):  weight: 0 visited: 0 marked 0
edge (21,51):  weight: 0 visited: 0 marked 0
edge (21,58):  weight: 0 visited: 0 marked 0
edge (21,70):  weight: 0 visited: 0 marked 0
edge (21,73):  weight: 0 visited: 0 marked 0
edge (21,74):  weight: 0 visited: 0 marked 0
edge (21,81):  weight: 0 visited: 0 marked 0
edge (21,93):  weight: 0 visited: 0 marked 0
edge (22,23):  weight: 0 visited: 0 marked 0
edge (22,29):  weight: 0 visited: 0 marked 0
edge (22,30):  weight: 0 visited: 0 marked 0
edge (22,31):  weight: 0 visited: 0 marked 0
edge (22,32):  weight: 0 visited: 0 marked 0
edge (22,33):  weight: 0 visited: 0 marked 0
edge (22,46):  weight: 0 visited: 0 marked 0
edge (22,53):  weight: 0 visited: 0 marked 0
edge (22,54):  weight: 0 visited: 0 marked 0
edge (22,55):  weight: 0 visited: 0 marked 0
edge (22,56):  weight: 0 visited: 0 marked 0
edge (22,57):  weight: 0 visited: 0 marked 0
edge (22,70):  weight: 0 visited: 0 marked 0
edge (22,76):  weight: 0 visited: 0 marked 0
edge (22,77):  weight: 0 visited: 0 marked 0
edge (22,78):  weight: 0 visited: 0 marked 0
edge (22,79):  weight: 0 visited: 0 marked 0
edge (22,80):  weight: 0 visited: 0 marked 0
edge (22,93):  weight: 0 visited: 0 marked 0
edge (23,35):  weight: 0 visited: 0 marked 0
edge (23,36):  weight: 0 visited: 0 marked 0
edge (23,37):  weight: 0 visited: 0 marked 0
edge (23,38):  weight: 0 visited: 0 marked 0
edge (23,39):  weight: 0 visited: 0 marked 0
edge (23,40):  weight: 0 visited: 0 marked 0
edge (23,41):  weight: 0 visited: 0 marked 0
edge (23,42):  weight: 0 visited: 0 marked 0
edge (23,43):  weight: 0 visited: 0 marked 0
edge (23,44):  weight: 0 visited: 0 marked 0
edge (23,45):  weight: 0 visited: 0 marked 0
edge (23,59):  weight: 0 visited: 0 marked 0
edge (23,60):  weight: 0 visited: 0 marked 0
edge (23,61):  weight: 0 visited: 0 marked 0
edge (23,62):  weight: 0 visited: 0 marked 0
edge (23,63):  weight: 0 visited: 0 marked 0
edge (23,64):  weight: 0 visited: 0 marked 0
edge (23,65):  weight: 0 visited: 0 marked 0
edge (23,66):  weight: 0 visited: 0 marked 0
edge (23,67):  weight: 0 visited: 0 marked 0
edge (23,68):  weight: 0 visited: 0 marked 0
edge (23,69):  weight: 0 visited: 0 marked 0
edge (23,82):  weight: 0 visited: 0 marked 0
edge (23,83):  weight: 0 visited: 0 marked 0
edge (23,84):  weight: 0 visited: 0 marked 0
edge (23,85):  weight: 0 visited: 0 marked 0
edge (23,86):  weight: 0 visited: 0 marked 0
edge (23,87):  weight: 0 visited: 0 marked 0
edge (23,88):  weight: 0 visited: 0 marked 0
edge (23,89):  weight: 0 visited: 0 marked 0
edge (23,90):  weight: 0 visited: 0 marked 0
edge (23,91):  weight: 0 visited: 0 marked 0
edge (23,92):  weight: 0 visited: 0 marked 0
edge (24,47):  weight: 0 visited: 0 marked 0
edge (24,49):  weight: 0 visited: 0 marked 0
edge (24,51):  weight: 0 visited: 0 marked 0
edge (24,54):  weight: 0 visited: 0 marked 0
edge (24,56):  weight: 0 visited: 0 marked 0
edge (24,60):  weight: 0 visited: 0 marked 0
edge (24,62):  weight: 0 visited: 0 marked 0
edge (24,65):  weight: 0 visited: 0 marked 0
edge (24,67):  weight: 0 visited: 0 marked 0
edge (24,94):  weight: 0 visited: 0 marked 0
edge (25,47):  weight: 0 visited: 0 marked 0
edge (25,48):  weight: 0 visited: 0 marked 0
edge (25,50):  weight: 0 visited: 0 marked 0
edge (25,53):  weight: 0 visited: 0 marked 0
edge (25,55):  weight: 0 visited: 0 marked 0
edge (25,59):  weight: 0 visited: 0 marked 0
edge (25,61):  weight: 0 visited: 0 marked 0
edge (25,64):  weight: 0 visited: 0 marked 0
edge (25,66):  weight: 0 visited: 0 marked 0
edge (25,94):  weight: 0 visited: 0 marked 0
edge (26,47):  weight: 0 visited: 0 marked 0
edge (26,49):  weight: 0 visited: 0 marked 0
edge (26,52):  weight: 0 visited: 0 marked 0
edge (26,54):  weight: 0 visited: 0 marked 0
edge (26,57):  weight: 0 visited: 0 marked 0
edge (26,60):  weight: 0 visited: 0 marked 0
edge (26,63):  weight: 0 visited: 0 marked 0
edge (26,65):  weight: 0 visited: 0 marked 0
edge (26,68):  weight: 0 visited: 0 marked 0
edge (26,94):  weight: 0 visited: 0 marked 0
edge (27,47):  weight: 0 visited: 0 marked 0
edge (27,48):  weight: 0 visited: 0 marked 0
edge (27,52):  weight: 0 visited: 0 marked 0
edge (27,53):  weight: 0 visited: 0 marked 0
edge (27,57):  weight: 0 visited: 0 marked 0
edge (27,59):  weight: 0 visited: 0 marked 0
edge (27,63):  weight: 0 visited: 0 marked 0
edge (27,64):  weight: 0 visited: 0 marked 0
edge (27,68):  weight: 0 visited: 0 marked 0
edge (27,94):  weight: 0 visited: 0 marked 0
edge (28,47):  weight: 0 visited: 0 marked 0
edge (28,50):  weight: 0 visited: 0 marked 0
edge (28,51):  weight: 0 visited: 0 marked 0
edge (28,55):  weight: 0 visited: 0 marked 0
edge (28,56):  weight: 0 visited: 0 marked 0
edge (28,61):  weight: 0 visited: 0 marked 0
edge (28,62):  weight: 0 visited: 0 marked 0
edge (28,66):  weight: 0 visited: 0 marked 0
edge (28,67):  weight: 0 visited: 0 marked 0
edge (28,94):  weight: 0 visited: 0 marked 0
edge (29,47):  weight: 0 visited: 0 marked 0
edge (29,49):  weight: 0 visited: 0 marked 0
edge (29,51):  weight: 0 visited: 0 marked 0
edge (29,58):  weight: 0 visited: 0 marked 0
edge (29,60):  weight: 0 visited: 0 marked 0
edge (29,62):  weight: 0 visited: 0 marked 0
edge (29,69):  weight: 0 visited: 0 marked 0
edge (29,94):  weight: 0 visited: 0 marked 0
edge (30,47):  weight: 0 visited: 0 marked 0
edge (30,48):  weight: 0 visited: 0 marked 0
edge (30,50):  weight: 0 visited: 0 marked 0
edge (30,58):  weight: 0 visited: 0 marked 0
edge (30,59):  weight: 0 visited: 0 marked 0
edge (30,61):  weight: 0 visited: 0 marked 0
edge (30,69):  weight: 0 visited: 0 marked 0
edge (30,94):  weight: 0 visited: 0 marked 0
edge (31,47):  weight: 0 visited: 0 marked 0
edge (31,49):  weight: 0 visited: 0 marked 0
edge (31,52):  weight: 0 visited: 0 marked 0
edge (31,58):  weight: 0 visited: 0 marked 0
edge (31,60):  weight: 0 visited: 0 marked 0
edge (31,63):  weight: 0 visited: 0 marked 0
edge (31,69):  weight: 0 visited: 0 marked 0
edge (31,94):  weight: 0 visited: 0 marked 0
edge (32,47):  weight: 0 visited: 0 marked 0
edge (32,48):  weight: 0 visited: 0 marked 0
edge (32,52):  weight: 0 visited: 0 marked 0
edge (32,58):  weight: 0 visited: 0 marked 0
edge (32,59):  weight: 0 visited: 0 marked 0
edge (32,63):  weight: 0 visited: 0 marked 0
edge (32,69):  weight: 0 visited: 0 marked 0
edge (32,94):  weight: 0 visited: 0 marked 0
edge (33,47):  weight: 0 visited: 0 marked 0
edge (33,50):  weight: 0 visited: 0 marked 0
edge (33,51):  weight: 0 visited: 0 marked 0
edge (33,58):  weight: 0 visited: 0 marked 0
edge (33,61):  weight: 0 visited: 0 marked 0
edge (33,62):  weight: 0 visited: 0 marked 0
edge (33,69):  weight: 0 visited: 0 marked 0
edge (33,94):  weight: 0 visited: 0 marked 0
edge (34,47):  weight: 0 visited: 0 marked 0
edge (34,53):  weight: 0 visited: 0 marked 0
edge (34,54):  weight: 0 visited: 0 marked 0
edge (34,55):  weight: 0 visited: 0 marked 0
edge (34,56):  weight: 0 visited: 0 marked 0
edge (34,57):  weight: 0 visited: 0 marked 0
edge (34,64):  weight: 0 visited: 0 marked 0
edge (34,65):  weight: 0 visited: 0 marked 0
edge (34,66):  weight: 0 visited: 0 marked 0
edge (34,67):  weight: 0 visited: 0 marked 0
edge (34,68):  weight: 0 visited: 0 marked 0
edge (34,94):  weight: 0 visited: 0 marked 0
edge (35,47):  weight: 0 visited: 0 marked 0
edge (35,49):  weight: 0 visited: 0 marked 0
edge (35,51):  weight: 0 visited: 0 marked 0
edge (35,54):  weight: 0 visited: 0 marked 0
edge (35,56):  weight: 0 visited: 0 marked 0
edge (35,70):  weight: 0 visited: 0 marked 0
edge (35,94):  weight: 0 visited: 0 marked 0
edge (36,47):  weight: 0 visited: 0 marked 0
edge (36,48):  weight: 0 visited: 0 marked 0
edge (36,50):  weight: 0 visited: 0 marked 0
edge (36,53):  weight: 0 visited: 0 marked 0
edge (36,55):  weight: 0 visited: 0 marked 0
edge (36,70):  weight: 0 visited: 0 marked 0
edge (36,94):  weight: 0 visited: 0 marked 0
edge (37,47):  weight: 0 visited: 0 marked 0
edge (37,49):  weight: 0 visited: 0 marked 0
edge (37,52):  weight: 0 visited: 0 marked 0
edge (37,54):  weight: 0 visited: 0 marked 0
edge (37,57):  weight: 0 visited: 0 marked 0
edge (37,70):  weight: 0 visited: 0 marked 0
edge (37,94):  weight: 0 visited: 0 marked 0
edge (38,47):  weight: 0 visited: 0 marked 0
edge (38,48):  weight: 0 visited: 0 marked 0
edge (38,52):  weight: 0 visited: 0 marked 0
edge (38,53):  weight: 0 visited: 0 marked 0
edge (38,57):  weight: 0 visited: 0 marked 0
edge (38,70):  weight: 0 visited: 0 marked 0
edge (38,94):  weight: 0 visited: 0 marked 0
edge (39,47):  weight: 0 visited: 0 marked 0
edge (39,50):  weight: 0 visited: 0 marked 0
edge (39,51):  weight: 0 visited: 0 marked 0
edge (39,55):  weight: 0 visited: 0 marked 0
edge (39,56):  weight: 0 visited: 0 marked 0
edge (39,70):  weight: 0 visited: 0 marked 0
edge (39,94):  weight: 0 visited: 0 marked 0
edge (40,47):  weight: 0 visited: 0 marked 0
edge (40,49):  weight: 0 visited: 0 marked 0
edge (40,51):  weight: 0 visited: 0 marked 0
edge (40,58):  weight: 0 visited: 0 marked 0
edge (40,70):  weight: 0 visited: 0 marked 0
edge (40,94):  weight: 0 visited: 0 marked 0
edge (41,47):  weight: 0 visited: 0 marked 0
edge (41,48):  weight: 0 visited: 0 marked 0
edge (41,50):  weight: 0 visited: 0 marked 0
edge (41,58):  weight: 0 visited: 0 marked 0
edge (41,70):  weight: 0 visited: 0 marked 0
edge (41,94):  weight: 0 visited: 0 marked 0
edge (42,47):  weight: 0 visited: 0 marked 0
edge (42,49):  weight: 0 visited: 0 marked 0
edge (42,52):  weight: 0 visited: 0 marked 0
edge (42,58):  weight: 0 visited: 0 marked 0
edge (42,70):  weight: 0 visited: 0 marked 0
edge (42,94):  weight: 0 visited: 0 marked 0
edge (43,47):  weight: 0 visited: 0 marked 0
edge (43,48):  weight: 0 visited: 0 marked 0
edge (43,52):  weight: 0 visited: 0 marked 0
edge (43,58):  weight: 0 visited: 0 marked 0
edge (43,70):  weight: 0 visited: 0 marked 0
edge (43,94):  weight: 0 visited: 0 marked 0
edge (44,47):  weight: 0 visited: 0 marked 0
edge (44,50):  weight: 0 visited: 0 marked 0
edge (44,51):  weight: 0 visited: 0 marked 0
edge (44,58):  weight: 0 visited: 0 marked 0
edge (44,70):  weight: 0 visited: 0 marked 0
edge (44,94):  weight: 0 visited: 0 marked 0
edge (45,47):  weight: 0 visited: 0 marked 0
edge (45,53):  weight: 0 visited: 0 marked 0
edge (45,54):  weight: 0 visited: 0 marked 0
edge (45,55):  weight: 0 visited: 0 marked 0
edge (45,56):  weight: 0 visited: 0 marked 0
edge (45,57):  weight: 0 visited: 0 marked 0
edge (45,70):  weight: 0 visited: 0 marked 0
edge (45,94):  weight: 0 visited: 0 marked 0
edge (46,47):  weight: 0 visited: 0 marked 0
edge (46,59):  weight: 0 visited: 0 marked 0
edge (46,60):  weight: 0 visited: 0 marked 0
edge (46,61):  weight: 0 visited: 0 marked 0
edge (46,62):  weight: 0 visited: 0 marked 0
edge (46,63):  weight: 0 visited: 0 marked 0
edge (46,64):  weight: 0 visited: 0 marked 0
edge (46,65):  weight: 0 visited: 0 marked 0
edge (46,66):  weight: 0 visited: 0 marked 0
edge (46,67):  weight: 0 visited: 0 marked 0
edge (46,68):  weight: 0 visited: 0 marked 0
edge (46,69):  weight: 0 visited: 0 marked 0
edge (46,94):  weight: 0 visited: 0 marked 0
edge (47,71):  weight: 0 visited: 0 marked 0
edge (47,72):  weight: 0 visited: 0 marked 0
edge (47,73):  weight: 0 visited: 0 marked 0
edge (47,74):  weight: 0 visited: 0 marked 0
edge (47,75):  weight: 0 visited: 0 marked 0
edge (47,76):  weight: 0 visited: 0 marked 0
edge (47,77):  weight: 0 visited: 0 marked 0
edge (47,78):  weight: 0 visited: 0 marked 0
edge (47,79):  weight: 0 visited: 0 marked 0
edge (47,80):  weight: 0 visited: 0 marked 0
edge (47,81):  weight: 0 visited: 0 marked 0
edge (47,82):  weight: 0 visited: 0 marked 0
edge (47,83):  weight: 0 visited: 0 marked 0
edge (47,84):  weight: 0 visited: 0 marked 0
edge (47,85):  weight: 0 visited: 0 marked 0
edge (47,86):  weight: 0 visited: 0 marked 0
edge (47,87):  weight: 0 visited: 0 marked 0
edge (47,88):  weight: 0 visited: 0 marked 0
edge (47,89):  weight: 0 visited: 0 marked 0
edge (47,90):  weight: 0 visited: 0 marked 0
edge (47,91):  weight: 0 visited: 0 marked 0
edge (47,92):  weight: 0 visited: 0 marked 0
edge (47,93):  weight: 0 visited: 0 marked 0
edge (48,95):  weight: 0 visited: 0 marked 0
edge (49,95):  weight: 0 visited: 0 marked 0
edge (50,95):  weight: 0 visited: 0 marked 0
edge (51,95):  weight: 0 visited: 0 marked 0
edge (52,95):  weight: 0 visited: 0 marked 0
edge (53,95):  weight: 0 visited: 0 marked 0
edge (54,95):  weight: 0 visited: 0 marked 0
edge (55,95):  weight: 0 visited: 0 marked 0
edge (56,95):  weight: 0 visited: 0 marked 0
edge (57,95):  weight: 0 visited: 0 marked 0
edge (58,95):  weight: 0 visited: 0 marked 0
edge (59,95):  weight: 0 visited: 0 marked 0
edge (60,95):  weight: 0 visited: 0 marked 0
edge (61,95):  weight: 0 visited: 0 marked 0
edge (62,95):  weight: 0 visited: 0 marked 0
edge (63,95):  weight: 0 visited: 0 marked 0
edge (64,95):  weight: 0 visited: 0 marked 0
edge (65,95):  weight: 0 visited: 0 marked 0
edge (66,95):  weight: 0 visited: 0 marked 0
edge (67,95):  weight: 0 visited: 0 marked 0
edge (68,95):  weight: 0 visited: 0 marked 0
edge (69,95):  weight: 0 visited: 0 marked 0
edge (70,95):  weight: 0 visited: 0 marked 0
edge (71,95):  weight: 0 visited: 0 marked 0
edge (72,95):  weight: 0 visited: 0 marked 0
edge (73,95):  weight: 0 visited: 0 marked 0
edge (74,95):  weight: 0 visited: 0 marked 0
edge (75,95):  weight: 0 visited: 0 marked 0
edge (76,95):  weight: 0 visited: 0 marked 0
edge (77,95):  weight: 0 visited: 0 marked 0
edge (78,95):  weight: 0 visited: 0 marked 0
edge (79,95):  weight: 0 visited: 0 marked 0
edge (80,95):  weight: 0 visited: 0 marked 0
edge (81,95):  weight: 0 visited: 0 marked 0
edge (82,95):  weight: 0 visited: 0 marked 0
edge (83,95):  weight: 0 visited: 0 marked 0
edge (84,95):  weight: 0 visited: 0 marked 0
edge (85,95):  weight: 0 visited: 0 marked 0
edge (86,95):  weight: 0 visited: 0 marked 0
edge (87,95):  weight: 0 visited: 0 marked 0
edge (88,95):  weight: 0 visited: 0 marked 0
edge (89,95):  weight: 0 visited: 0 marked 0
edge (90,95):  weight: 0 visited: 0 marked 0
edge (91,95):  weight: 0 visited: 0 marked 0
edge (92,95):  weight: 0 visited: 0 marked 0
edge (93,95):  weight: 0 visited: 0 marked 0
edge (94,95):  weight: 0 visited: 0 marked 0

