Reading number of colors
Reading graph
Num colors: 5
========== Time expired ==========
# Conflicts: 176
Best found solution: 
------------------------------------------------
Num nodes: 48
node: 0 weight: 0 visited: 0 marked 0
node: 1 weight: 0 visited: 0 marked 0
node: 2 weight: 0 visited: 0 marked 0
node: 3 weight: 0 visited: 0 marked 0
node: 4 weight: 0 visited: 0 marked 0
node: 5 weight: 0 visited: 0 marked 0
node: 6 weight: 0 visited: 0 marked 0
node: 7 weight: 0 visited: 0 marked 0
node: 8 weight: 0 visited: 0 marked 0
node: 9 weight: 0 visited: 0 marked 0
node: 10 weight: 0 visited: 0 marked 0
node: 11 weight: 0 visited: 0 marked 0
node: 12 weight: 0 visited: 0 marked 0
node: 13 weight: 0 visited: 0 marked 0
node: 14 weight: 0 visited: 0 marked 0
node: 15 weight: 0 visited: 0 marked 0
node: 16 weight: 0 visited: 0 marked 0
node: 17 weight: 0 visited: 0 marked 0
node: 18 weight: 0 visited: 0 marked 0
node: 19 weight: 0 visited: 0 marked 0
node: 20 weight: 0 visited: 0 marked 0
node: 21 weight: 0 visited: 0 marked 0
node: 22 weight: 0 visited: 0 marked 0
node: 23 weight: 0 visited: 0 marked 0
node: 24 weight: 0 visited: 0 marked 0
node: 25 weight: 0 visited: 0 marked 0
node: 26 weight: 0 visited: 0 marked 0
node: 27 weight: 0 visited: 0 marked 0
node: 28 weight: 0 visited: 0 marked 0
node: 29 weight: 0 visited: 0 marked 0
node: 30 weight: 0 visited: 0 marked 0
node: 31 weight: 0 visited: 0 marked 0
node: 32 weight: 0 visited: 0 marked 0
node: 33 weight: 0 visited: 0 marked 0
node: 34 weight: 0 visited: 0 marked 0
node: 35 weight: 0 visited: 0 marked 0
node: 36 weight: 0 visited: 0 marked 0
node: 37 weight: 0 visited: 0 marked 0
node: 38 weight: 0 visited: 0 marked 0
node: 39 weight: 1 visited: 0 marked 0
node: 40 weight: 0 visited: 0 marked 0
node: 41 weight: 1 visited: 0 marked 0
node: 42 weight: 1 visited: 0 marked 0
node: 43 weight: 1 visited: 0 marked 0
node: 44 weight: 1 visited: 0 marked 0
node: 45 weight: 1 visited: 0 marked 0
node: 46 weight: 1 visited: 0 marked 0
node: 47 weight: 4 visited: 0 marked 0

Num edges: 0
edge (0,1):  weight: 0 visited: 0 marked 0
edge (1,2):  weight: 0 visited: 0 marked 0
edge (1,4):  weight: 0 visited: 0 marked 0
edge (1,7):  weight: 0 visited: 0 marked 0
edge (1,9):  weight: 0 visited: 0 marked 0
edge (1,13):  weight: 0 visited: 0 marked 0
edge (1,15):  weight: 0 visited: 0 marked 0
edge (1,18):  weight: 0 visited: 0 marked 0
edge (1,20):  weight: 0 visited: 0 marked 0
edge (1,25):  weight: 0 visited: 0 marked 0
edge (1,27):  weight: 0 visited: 0 marked 0
edge (1,30):  weight: 0 visited: 0 marked 0
edge (1,32):  weight: 0 visited: 0 marked 0
edge (1,36):  weight: 0 visited: 0 marked 0
edge (1,38):  weight: 0 visited: 0 marked 0
edge (1,41):  weight: 0 visited: 0 marked 0
edge (1,43):  weight: 0 visited: 0 marked 0
edge (2,3):  weight: 0 visited: 0 marked 0
edge (2,6):  weight: 0 visited: 0 marked 0
edge (2,8):  weight: 0 visited: 0 marked 0
edge (2,12):  weight: 0 visited: 0 marked 0
edge (2,14):  weight: 0 visited: 0 marked 0
edge (2,17):  weight: 0 visited: 0 marked 0
edge (2,19):  weight: 0 visited: 0 marked 0
edge (2,24):  weight: 0 visited: 0 marked 0
edge (2,26):  weight: 0 visited: 0 marked 0
edge (2,29):  weight: 0 visited: 0 marked 0
edge (2,31):  weight: 0 visited: 0 marked 0
edge (2,35):  weight: 0 visited: 0 marked 0
edge (2,37):  weight: 0 visited: 0 marked 0
edge (2,40):  weight: 0 visited: 0 marked 0
edge (2,42):  weight: 0 visited: 0 marked 0
edge (3,5):  weight: 0 visited: 0 marked 0
edge (3,7):  weight: 0 visited: 0 marked 0
edge (3,10):  weight: 0 visited: 0 marked 0
edge (3,13):  weight: 0 visited: 0 marked 0
edge (3,16):  weight: 0 visited: 0 marked 0
edge (3,18):  weight: 0 visited: 0 marked 0
edge (3,21):  weight: 0 visited: 0 marked 0
edge (3,25):  weight: 0 visited: 0 marked 0
edge (3,28):  weight: 0 visited: 0 marked 0
edge (3,30):  weight: 0 visited: 0 marked 0
edge (3,33):  weight: 0 visited: 0 marked 0
edge (3,36):  weight: 0 visited: 0 marked 0
edge (3,39):  weight: 0 visited: 0 marked 0
edge (3,41):  weight: 0 visited: 0 marked 0
edge (3,44):  weight: 0 visited: 0 marked 0
edge (4,5):  weight: 0 visited: 0 marked 0
edge (4,6):  weight: 0 visited: 0 marked 0
edge (4,10):  weight: 0 visited: 0 marked 0
edge (4,12):  weight: 0 visited: 0 marked 0
edge (4,16):  weight: 0 visited: 0 marked 0
edge (4,17):  weight: 0 visited: 0 marked 0
edge (4,21):  weight: 0 visited: 0 marked 0
edge (4,24):  weight: 0 visited: 0 marked 0
edge (4,28):  weight: 0 visited: 0 marked 0
edge (4,29):  weight: 0 visited: 0 marked 0
edge (4,33):  weight: 0 visited: 0 marked 0
edge (4,35):  weight: 0 visited: 0 marked 0
edge (4,39):  weight: 0 visited: 0 marked 0
edge (4,40):  weight: 0 visited: 0 marked 0
edge (4,44):  weight: 0 visited: 0 marked 0
edge (5,8):  weight: 0 visited: 0 marked 0
edge (5,9):  weight: 0 visited: 0 marked 0
edge (5,14):  weight: 0 visited: 0 marked 0
edge (5,15):  weight: 0 visited: 0 marked 0
edge (5,19):  weight: 0 visited: 0 marked 0
edge (5,20):  weight: 0 visited: 0 marked 0
edge (5,26):  weight: 0 visited: 0 marked 0
edge (5,27):  weight: 0 visited: 0 marked 0
edge (5,31):  weight: 0 visited: 0 marked 0
edge (5,32):  weight: 0 visited: 0 marked 0
edge (5,37):  weight: 0 visited: 0 marked 0
edge (5,38):  weight: 0 visited: 0 marked 0
edge (5,42):  weight: 0 visited: 0 marked 0
edge (5,43):  weight: 0 visited: 0 marked 0
edge (6,11):  weight: 0 visited: 0 marked 0
edge (6,13):  weight: 0 visited: 0 marked 0
edge (6,15):  weight: 0 visited: 0 marked 0
edge (6,22):  weight: 0 visited: 0 marked 0
edge (6,25):  weight: 0 visited: 0 marked 0
edge (6,27):  weight: 0 visited: 0 marked 0
edge (6,34):  weight: 0 visited: 0 marked 0
edge (6,36):  weight: 0 visited: 0 marked 0
edge (6,38):  weight: 0 visited: 0 marked 0
edge (6,45):  weight: 0 visited: 0 marked 0
edge (7,11):  weight: 0 visited: 0 marked 0
edge (7,12):  weight: 0 visited: 0 marked 0
edge (7,14):  weight: 0 visited: 0 marked 0
edge (7,22):  weight: 0 visited: 0 marked 0
edge (7,24):  weight: 0 visited: 0 marked 0
edge (7,26):  weight: 0 visited: 0 marked 0
edge (7,34):  weight: 0 visited: 0 marked 0
edge (7,35):  weight: 0 visited: 0 marked 0
edge (7,37):  weight: 0 visited: 0 marked 0
edge (7,45):  weight: 0 visited: 0 marked 0
edge (8,11):  weight: 0 visited: 0 marked 0
edge (8,13):  weight: 0 visited: 0 marked 0
edge (8,16):  weight: 0 visited: 0 marked 0
edge (8,22):  weight: 0 visited: 0 marked 0
edge (8,25):  weight: 0 visited: 0 marked 0
edge (8,28):  weight: 0 visited: 0 marked 0
edge (8,34):  weight: 0 visited: 0 marked 0
edge (8,36):  weight: 0 visited: 0 marked 0
edge (8,39):  weight: 0 visited: 0 marked 0
edge (8,45):  weight: 0 visited: 0 marked 0
edge (9,11):  weight: 0 visited: 0 marked 0
edge (9,12):  weight: 0 visited: 0 marked 0
edge (9,16):  weight: 0 visited: 0 marked 0
edge (9,22):  weight: 0 visited: 0 marked 0
edge (9,24):  weight: 0 visited: 0 marked 0
edge (9,28):  weight: 0 visited: 0 marked 0
edge (9,34):  weight: 0 visited: 0 marked 0
edge (9,35):  weight: 0 visited: 0 marked 0
edge (9,39):  weight: 0 visited: 0 marked 0
edge (9,45):  weight: 0 visited: 0 marked 0
edge (10,11):  weight: 0 visited: 0 marked 0
edge (10,14):  weight: 0 visited: 0 marked 0
edge (10,15):  weight: 0 visited: 0 marked 0
edge (10,22):  weight: 0 visited: 0 marked 0
edge (10,26):  weight: 0 visited: 0 marked 0
edge (10,27):  weight: 0 visited: 0 marked 0
edge (10,34):  weight: 0 visited: 0 marked 0
edge (10,37):  weight: 0 visited: 0 marked 0
edge (10,38):  weight: 0 visited: 0 marked 0
edge (10,45):  weight: 0 visited: 0 marked 0
edge (11,17):  weight: 0 visited: 0 marked 0
edge (11,18):  weight: 0 visited: 0 marked 0
edge (11,19):  weight: 0 visited: 0 marked 0
edge (11,20):  weight: 0 visited: 0 marked 0
edge (11,21):  weight: 0 visited: 0 marked 0
edge (11,29):  weight: 0 visited: 0 marked 0
edge (11,30):  weight: 0 visited: 0 marked 0
edge (11,31):  weight: 0 visited: 0 marked 0
edge (11,32):  weight: 0 visited: 0 marked 0
edge (11,33):  weight: 0 visited: 0 marked 0
edge (11,40):  weight: 0 visited: 0 marked 0
edge (11,41):  weight: 0 visited: 0 marked 0
edge (11,42):  weight: 0 visited: 0 marked 0
edge (11,43):  weight: 0 visited: 0 marked 0
edge (11,44):  weight: 0 visited: 0 marked 0
edge (12,23):  weight: 0 visited: 0 marked 0
edge (12,25):  weight: 0 visited: 0 marked 0
edge (12,27):  weight: 0 visited: 0 marked 0
edge (12,30):  weight: 0 visited: 0 marked 0
edge (12,32):  weight: 0 visited: 0 marked 0
edge (12,46):  weight: 0 visited: 0 marked 0
edge (13,23):  weight: 0 visited: 0 marked 0
edge (13,24):  weight: 0 visited: 0 marked 0
edge (13,26):  weight: 0 visited: 0 marked 0
edge (13,29):  weight: 0 visited: 0 marked 0
edge (13,31):  weight: 0 visited: 0 marked 0
edge (13,46):  weight: 0 visited: 0 marked 0
edge (14,23):  weight: 0 visited: 0 marked 0
edge (14,25):  weight: 0 visited: 0 marked 0
edge (14,28):  weight: 0 visited: 0 marked 0
edge (14,30):  weight: 0 visited: 0 marked 0
edge (14,33):  weight: 0 visited: 0 marked 0
edge (14,46):  weight: 0 visited: 0 marked 0
edge (15,23):  weight: 0 visited: 0 marked 0
edge (15,24):  weight: 0 visited: 0 marked 0
edge (15,28):  weight: 0 visited: 0 marked 0
edge (15,29):  weight: 0 visited: 0 marked 0
edge (15,33):  weight: 0 visited: 0 marked 0
edge (15,46):  weight: 0 visited: 0 marked 0
edge (16,23):  weight: 0 visited: 0 marked 0
edge (16,26):  weight: 0 visited: 0 marked 0
edge (16,27):  weight: 0 visited: 0 marked 0
edge (16,31):  weight: 0 visited: 0 marked 0
edge (16,32):  weight: 0 visited: 0 marked 0
edge (16,46):  weight: 0 visited: 0 marked 0
edge (17,23):  weight: 0 visited: 0 marked 0
edge (17,25):  weight: 0 visited: 0 marked 0
edge (17,27):  weight: 0 visited: 0 marked 0
edge (17,34):  weight: 0 visited: 0 marked 0
edge (17,46):  weight: 0 visited: 0 marked 0
edge (18,23):  weight: 0 visited: 0 marked 0
edge (18,24):  weight: 0 visited: 0 marked 0
edge (18,26):  weight: 0 visited: 0 marked 0
edge (18,34):  weight: 0 visited: 0 marked 0
edge (18,46):  weight: 0 visited: 0 marked 0
edge (19,23):  weight: 0 visited: 0 marked 0
edge (19,25):  weight: 0 visited: 0 marked 0
edge (19,28):  weight: 0 visited: 0 marked 0
edge (19,34):  weight: 0 visited: 0 marked 0
edge (19,46):  weight: 0 visited: 0 marked 0
edge (20,23):  weight: 0 visited: 0 marked 0
edge (20,24):  weight: 0 visited: 0 marked 0
edge (20,28):  weight: 0 visited: 0 marked 0
edge (20,34):  weight: 0 visited: 0 marked 0
edge (20,46):  weight: 0 visited: 0 marked 0
edge (21,23):  weight: 0 visited: 0 marked 0
edge (21,26):  weight: 0 visited: 0 marked 0
edge (21,27):  weight: 0 visited: 0 marked 0
edge (21,34):  weight: 0 visited: 0 marked 0
edge (21,46):  weight: 0 visited: 0 marked 0
edge (22,23):  weight: 0 visited: 0 marked 0
edge (22,29):  weight: 0 visited: 0 marked 0
edge (22,30):  weight: 0 visited: 0 marked 0
edge (22,31):  weight: 0 visited: 0 marked 0
edge (22,32):  weight: 0 visited: 0 marked 0
edge (22,33):  weight: 0 visited: 0 marked 0
edge (22,46):  weight: 0 visited: 0 marked 0
edge (23,35):  weight: 0 visited: 0 marked 0
edge (23,36):  weight: 0 visited: 0 marked 0
edge (23,37):  weight: 0 visited: 0 marked 0
edge (23,38):  weight: 0 visited: 0 marked 0
edge (23,39):  weight: 0 visited: 0 marked 0
edge (23,40):  weight: 0 visited: 0 marked 0
edge (23,41):  weight: 0 visited: 0 marked 0
edge (23,42):  weight: 0 visited: 0 marked 0
edge (23,43):  weight: 0 visited: 0 marked 0
edge (23,44):  weight: 0 visited: 0 marked 0
edge (23,45):  weight: 0 visited: 0 marked 0
edge (24,47):  weight: 0 visited: 0 marked 0
edge (25,47):  weight: 0 visited: 0 marked 0
edge (26,47):  weight: 0 visited: 0 marked 0
edge (27,47):  weight: 0 visited: 0 marked 0
edge (28,47):  weight: 0 visited: 0 marked 0
edge (29,47):  weight: 0 visited: 0 marked 0
edge (30,47):  weight: 0 visited: 0 marked 0
edge (31,47):  weight: 0 visited: 0 marked 0
edge (32,47):  weight: 0 visited: 0 marked 0
edge (33,47):  weight: 0 visited: 0 marked 0
edge (34,47):  weight: 0 visited: 0 marked 0
edge (35,47):  weight: 0 visited: 0 marked 0
edge (36,47):  weight: 0 visited: 0 marked 0
edge (37,47):  weight: 0 visited: 0 marked 0
edge (38,47):  weight: 0 visited: 0 marked 0
edge (39,47):  weight: 0 visited: 0 marked 0
edge (40,47):  weight: 0 visited: 0 marked 0
edge (41,47):  weight: 0 visited: 0 marked 0
edge (42,47):  weight: 0 visited: 0 marked 0
edge (43,47):  weight: 0 visited: 0 marked 0
edge (44,47):  weight: 0 visited: 0 marked 0
edge (45,47):  weight: 0 visited: 0 marked 0
edge (46,47):  weight: 0 visited: 0 marked 0

