Reading number of colors
Reading graph
Num colors: 4
========== Time expired ==========
# Conflicts: 25
Best found solution: 
------------------------------------------------
Num nodes: 24
node: 0 weight: 0 visited: 0 marked 0
node: 1 weight: 0 visited: 0 marked 0
node: 2 weight: 0 visited: 0 marked 0
node: 3 weight: 0 visited: 0 marked 0
node: 4 weight: 0 visited: 0 marked 0
node: 5 weight: 0 visited: 0 marked 0
node: 6 weight: 0 visited: 0 marked 0
node: 7 weight: 0 visited: 0 marked 0
node: 8 weight: 0 visited: 0 marked 0
node: 9 weight: 0 visited: 0 marked 0
node: 10 weight: 0 visited: 0 marked 0
node: 11 weight: 0 visited: 0 marked 0
node: 12 weight: 0 visited: 0 marked 0
node: 13 weight: 1 visited: 0 marked 0
node: 14 weight: 1 visited: 0 marked 0
node: 15 weight: 1 visited: 0 marked 0
node: 16 weight: 1 visited: 0 marked 0
node: 17 weight: 1 visited: 0 marked 0
node: 18 weight: 1 visited: 0 marked 0
node: 19 weight: 1 visited: 0 marked 0
node: 20 weight: 1 visited: 0 marked 0
node: 21 weight: 1 visited: 0 marked 0
node: 22 weight: 1 visited: 0 marked 0
node: 23 weight: 3 visited: 0 marked 0

Num edges: 0
edge (0,1):  weight: 0 visited: 0 marked 0
edge (1,2):  weight: 0 visited: 0 marked 0
edge (1,4):  weight: 0 visited: 0 marked 0
edge (1,7):  weight: 0 visited: 0 marked 0
edge (1,9):  weight: 0 visited: 0 marked 0
edge (1,13):  weight: 0 visited: 0 marked 0
edge (1,15):  weight: 0 visited: 0 marked 0
edge (1,18):  weight: 0 visited: 0 marked 0
edge (1,20):  weight: 0 visited: 0 marked 0
edge (2,3):  weight: 0 visited: 0 marked 0
edge (2,6):  weight: 0 visited: 0 marked 0
edge (2,8):  weight: 0 visited: 0 marked 0
edge (2,12):  weight: 0 visited: 0 marked 0
edge (2,14):  weight: 0 visited: 0 marked 0
edge (2,17):  weight: 0 visited: 0 marked 0
edge (2,19):  weight: 0 visited: 0 marked 0
edge (3,5):  weight: 0 visited: 0 marked 0
edge (3,7):  weight: 0 visited: 0 marked 0
edge (3,10):  weight: 0 visited: 0 marked 0
edge (3,13):  weight: 0 visited: 0 marked 0
edge (3,16):  weight: 0 visited: 0 marked 0
edge (3,18):  weight: 0 visited: 0 marked 0
edge (3,21):  weight: 0 visited: 0 marked 0
edge (4,5):  weight: 0 visited: 0 marked 0
edge (4,6):  weight: 0 visited: 0 marked 0
edge (4,10):  weight: 0 visited: 0 marked 0
edge (4,12):  weight: 0 visited: 0 marked 0
edge (4,16):  weight: 0 visited: 0 marked 0
edge (4,17):  weight: 0 visited: 0 marked 0
edge (4,21):  weight: 0 visited: 0 marked 0
edge (5,8):  weight: 0 visited: 0 marked 0
edge (5,9):  weight: 0 visited: 0 marked 0
edge (5,14):  weight: 0 visited: 0 marked 0
edge (5,15):  weight: 0 visited: 0 marked 0
edge (5,19):  weight: 0 visited: 0 marked 0
edge (5,20):  weight: 0 visited: 0 marked 0
edge (6,11):  weight: 0 visited: 0 marked 0
edge (6,13):  weight: 0 visited: 0 marked 0
edge (6,15):  weight: 0 visited: 0 marked 0
edge (6,22):  weight: 0 visited: 0 marked 0
edge (7,11):  weight: 0 visited: 0 marked 0
edge (7,12):  weight: 0 visited: 0 marked 0
edge (7,14):  weight: 0 visited: 0 marked 0
edge (7,22):  weight: 0 visited: 0 marked 0
edge (8,11):  weight: 0 visited: 0 marked 0
edge (8,13):  weight: 0 visited: 0 marked 0
edge (8,16):  weight: 0 visited: 0 marked 0
edge (8,22):  weight: 0 visited: 0 marked 0
edge (9,11):  weight: 0 visited: 0 marked 0
edge (9,12):  weight: 0 visited: 0 marked 0
edge (9,16):  weight: 0 visited: 0 marked 0
edge (9,22):  weight: 0 visited: 0 marked 0
edge (10,11):  weight: 0 visited: 0 marked 0
edge (10,14):  weight: 0 visited: 0 marked 0
edge (10,15):  weight: 0 visited: 0 marked 0
edge (10,22):  weight: 0 visited: 0 marked 0
edge (11,17):  weight: 0 visited: 0 marked 0
edge (11,18):  weight: 0 visited: 0 marked 0
edge (11,19):  weight: 0 visited: 0 marked 0
edge (11,20):  weight: 0 visited: 0 marked 0
edge (11,21):  weight: 0 visited: 0 marked 0
edge (12,23):  weight: 0 visited: 0 marked 0
edge (13,23):  weight: 0 visited: 0 marked 0
edge (14,23):  weight: 0 visited: 0 marked 0
edge (15,23):  weight: 0 visited: 0 marked 0
edge (16,23):  weight: 0 visited: 0 marked 0
edge (17,23):  weight: 0 visited: 0 marked 0
edge (18,23):  weight: 0 visited: 0 marked 0
edge (19,23):  weight: 0 visited: 0 marked 0
edge (20,23):  weight: 0 visited: 0 marked 0
edge (21,23):  weight: 0 visited: 0 marked 0
edge (22,23):  weight: 0 visited: 0 marked 0

